[0.073s] DEBUG:colcon:Command line arguments: ['/usr/bin/colcon', 'build', '--symlink-install']
[0.073s] DEBUG:colcon:Parsed command line arguments: Namespace(log_base=None, log_level=None, verb_name='build', build_base='build', install_base='install', merge_install=False, symlink_install=True, test_result_base=None, continue_on_error=False, executor='parallel', parallel_workers=16, event_handlers=None, ignore_user_meta=False, metas=['./colcon.meta'], base_paths=['.'], packages_ignore=None, packages_ignore_regex=None, paths=None, packages_up_to=None, packages_up_to_regex=None, packages_above=None, packages_above_and_dependencies=None, packages_above_depth=None, packages_select_by_dep=None, packages_skip_by_dep=None, packages_skip_up_to=None, packages_select_build_failed=False, packages_skip_build_finished=False, packages_select_test_failures=False, packages_skip_test_passed=False, packages_select=None, packages_skip=None, packages_select_regex=None, packages_skip_regex=None, packages_start=None, packages_end=None, allow_overriding=[], cmake_args=None, cmake_target=None, cmake_target_skip_unavailable=False, cmake_clean_cache=False, cmake_clean_first=False, cmake_force_configure=False, ament_cmake_args=None, catkin_cmake_args=None, catkin_skip_building_tests=False, mixin_files=None, mixin=None, verb_parser=<colcon_mixin.mixin.mixin_argument.MixinArgumentDecorator object at 0x7cb384370760>, verb_extension=<colcon_core.verb.build.BuildVerb object at 0x7cb3844916f0>, main=<bound method BuildVerb.main of <colcon_core.verb.build.BuildVerb object at 0x7cb3844916f0>>, mixin_verb=('build',))
[0.176s] Level 1:colcon.colcon_core.package_discovery:discover_packages(colcon_meta) check parameters
[0.176s] Level 1:colcon.colcon_core.package_discovery:discover_packages(recursive) check parameters
[0.176s] Level 1:colcon.colcon_core.package_discovery:discover_packages(ignore) check parameters
[0.176s] Level 1:colcon.colcon_core.package_discovery:discover_packages(path) check parameters
[0.176s] Level 1:colcon.colcon_core.package_discovery:discover_packages(colcon_meta) discover
[0.176s] Level 1:colcon.colcon_core.package_discovery:discover_packages(recursive) discover
[0.176s] INFO:colcon.colcon_core.package_discovery:Crawling recursively for packages in '/home/vansh/ros2_ws'
[0.176s] Level 1:colcon.colcon_core.package_identification:_identify(.) by extensions ['ignore', 'ignore_ament_install']
[0.176s] Level 1:colcon.colcon_core.package_identification:_identify(.) by extension 'ignore'
[0.176s] Level 1:colcon.colcon_core.package_identification:_identify(.) by extension 'ignore_ament_install'
[0.176s] Level 1:colcon.colcon_core.package_identification:_identify(.) by extensions ['colcon_pkg']
[0.176s] Level 1:colcon.colcon_core.package_identification:_identify(.) by extension 'colcon_pkg'
[0.176s] Level 1:colcon.colcon_core.package_identification:_identify(.) by extensions ['colcon_meta']
[0.176s] Level 1:colcon.colcon_core.package_identification:_identify(.) by extension 'colcon_meta'
[0.176s] Level 1:colcon.colcon_core.package_identification:_identify(.) by extensions ['ros']
[0.176s] Level 1:colcon.colcon_core.package_identification:_identify(.) by extension 'ros'
[0.185s] Level 1:colcon.colcon_core.package_identification:_identify(.) by extensions ['cmake', 'python']
[0.185s] Level 1:colcon.colcon_core.package_identification:_identify(.) by extension 'cmake'
[0.185s] Level 1:colcon.colcon_core.package_identification:_identify(.) by extension 'python'
[0.185s] Level 1:colcon.colcon_core.package_identification:_identify(.) by extensions ['python_setup_py']
[0.185s] Level 1:colcon.colcon_core.package_identification:_identify(.) by extension 'python_setup_py'
[0.185s] Level 1:colcon.colcon_core.package_identification:_identify(build) by extensions ['ignore', 'ignore_ament_install']
[0.185s] Level 1:colcon.colcon_core.package_identification:_identify(build) by extension 'ignore'
[0.185s] Level 1:colcon.colcon_core.package_identification:_identify(build) ignored
[0.185s] Level 1:colcon.colcon_core.package_identification:_identify(install) by extensions ['ignore', 'ignore_ament_install']
[0.185s] Level 1:colcon.colcon_core.package_identification:_identify(install) by extension 'ignore'
[0.185s] Level 1:colcon.colcon_core.package_identification:_identify(install) ignored
[0.185s] Level 1:colcon.colcon_core.package_identification:_identify(log) by extensions ['ignore', 'ignore_ament_install']
[0.185s] Level 1:colcon.colcon_core.package_identification:_identify(log) by extension 'ignore'
[0.185s] Level 1:colcon.colcon_core.package_identification:_identify(log) ignored
[0.185s] Level 1:colcon.colcon_core.package_identification:_identify(src) by extensions ['ignore', 'ignore_ament_install']
[0.185s] Level 1:colcon.colcon_core.package_identification:_identify(src) by extension 'ignore'
[0.185s] Level 1:colcon.colcon_core.package_identification:_identify(src) by extension 'ignore_ament_install'
[0.185s] Level 1:colcon.colcon_core.package_identification:_identify(src) by extensions ['colcon_pkg']
[0.185s] Level 1:colcon.colcon_core.package_identification:_identify(src) by extension 'colcon_pkg'
[0.186s] Level 1:colcon.colcon_core.package_identification:_identify(src) by extensions ['colcon_meta']
[0.186s] Level 1:colcon.colcon_core.package_identification:_identify(src) by extension 'colcon_meta'
[0.186s] Level 1:colcon.colcon_core.package_identification:_identify(src) by extensions ['ros']
[0.186s] Level 1:colcon.colcon_core.package_identification:_identify(src) by extension 'ros'
[0.186s] Level 1:colcon.colcon_core.package_identification:_identify(src) by extensions ['cmake', 'python']
[0.186s] Level 1:colcon.colcon_core.package_identification:_identify(src) by extension 'cmake'
[0.186s] Level 1:colcon.colcon_core.package_identification:_identify(src) by extension 'python'
[0.186s] Level 1:colcon.colcon_core.package_identification:_identify(src) by extensions ['python_setup_py']
[0.186s] Level 1:colcon.colcon_core.package_identification:_identify(src) by extension 'python_setup_py'
[0.186s] Level 1:colcon.colcon_core.package_identification:_identify(src/my_robot_controller) by extensions ['ignore', 'ignore_ament_install']
[0.186s] Level 1:colcon.colcon_core.package_identification:_identify(src/my_robot_controller) by extension 'ignore'
[0.186s] Level 1:colcon.colcon_core.package_identification:_identify(src/my_robot_controller) by extension 'ignore_ament_install'
[0.186s] Level 1:colcon.colcon_core.package_identification:_identify(src/my_robot_controller) by extensions ['colcon_pkg']
[0.186s] Level 1:colcon.colcon_core.package_identification:_identify(src/my_robot_controller) by extension 'colcon_pkg'
[0.186s] Level 1:colcon.colcon_core.package_identification:_identify(src/my_robot_controller) by extensions ['colcon_meta']
[0.186s] Level 1:colcon.colcon_core.package_identification:_identify(src/my_robot_controller) by extension 'colcon_meta'
[0.186s] Level 1:colcon.colcon_core.package_identification:_identify(src/my_robot_controller) by extensions ['ros']
[0.186s] Level 1:colcon.colcon_core.package_identification:_identify(src/my_robot_controller) by extension 'ros'
[0.188s] DEBUG:colcon.colcon_core.package_identification:Package 'src/my_robot_controller' with type 'ros.ament_python' and name 'my_robot_controller'
[0.188s] Level 1:colcon.colcon_core.package_identification:_identify(src/pozyx_simulation_ros2) by extensions ['ignore', 'ignore_ament_install']
[0.188s] Level 1:colcon.colcon_core.package_identification:_identify(src/pozyx_simulation_ros2) by extension 'ignore'
[0.188s] Level 1:colcon.colcon_core.package_identification:_identify(src/pozyx_simulation_ros2) by extension 'ignore_ament_install'
[0.188s] Level 1:colcon.colcon_core.package_identification:_identify(src/pozyx_simulation_ros2) by extensions ['colcon_pkg']
[0.188s] Level 1:colcon.colcon_core.package_identification:_identify(src/pozyx_simulation_ros2) by extension 'colcon_pkg'
[0.188s] Level 1:colcon.colcon_core.package_identification:_identify(src/pozyx_simulation_ros2) by extensions ['colcon_meta']
[0.188s] Level 1:colcon.colcon_core.package_identification:_identify(src/pozyx_simulation_ros2) by extension 'colcon_meta'
[0.188s] Level 1:colcon.colcon_core.package_identification:_identify(src/pozyx_simulation_ros2) by extensions ['ros']
[0.188s] Level 1:colcon.colcon_core.package_identification:_identify(src/pozyx_simulation_ros2) by extension 'ros'
[0.189s] DEBUG:colcon.colcon_core.package_identification:Package 'src/pozyx_simulation_ros2' with type 'ros.ament_python' and name 'pozyx_simulation_ros2'
[0.189s] Level 1:colcon.colcon_core.package_identification:_identify(src/uwb_localization) by extensions ['ignore', 'ignore_ament_install']
[0.189s] Level 1:colcon.colcon_core.package_identification:_identify(src/uwb_localization) by extension 'ignore'
[0.189s] Level 1:colcon.colcon_core.package_identification:_identify(src/uwb_localization) by extension 'ignore_ament_install'
[0.189s] Level 1:colcon.colcon_core.package_identification:_identify(src/uwb_localization) by extensions ['colcon_pkg']
[0.189s] Level 1:colcon.colcon_core.package_identification:_identify(src/uwb_localization) by extension 'colcon_pkg'
[0.189s] Level 1:colcon.colcon_core.package_identification:_identify(src/uwb_localization) by extensions ['colcon_meta']
[0.189s] Level 1:colcon.colcon_core.package_identification:_identify(src/uwb_localization) by extension 'colcon_meta'
[0.189s] Level 1:colcon.colcon_core.package_identification:_identify(src/uwb_localization) by extensions ['ros']
[0.189s] Level 1:colcon.colcon_core.package_identification:_identify(src/uwb_localization) by extension 'ros'
[0.189s] DEBUG:colcon.colcon_core.package_identification:Package 'src/uwb_localization' with type 'ros.ament_python' and name 'uwb_localization'
[0.189s] Level 1:colcon.colcon_core.package_discovery:discover_packages(recursive) using defaults
[0.190s] Level 1:colcon.colcon_core.package_discovery:discover_packages(ignore) discover
[0.190s] Level 1:colcon.colcon_core.package_discovery:discover_packages(ignore) using defaults
[0.190s] Level 1:colcon.colcon_core.package_discovery:discover_packages(path) discover
[0.190s] Level 1:colcon.colcon_core.package_discovery:discover_packages(path) using defaults
[0.213s] Level 1:colcon.colcon_core.package_discovery:discover_packages(prefix_path) check parameters
[0.214s] Level 1:colcon.colcon_core.package_discovery:discover_packages(prefix_path) discover
[0.214s] WARNING:colcon.colcon_ros.prefix_path.ament:The path '/home/vansh/ros2_ws/install/uwb_localization' in the environment variable AMENT_PREFIX_PATH doesn't exist
[0.214s] WARNING:colcon.colcon_ros.prefix_path.ament:The path '/home/vansh/ros2_ws/install/pozyx_simulation_ros2' in the environment variable AMENT_PREFIX_PATH doesn't exist
[0.214s] WARNING:colcon.colcon_ros.prefix_path.ament:The path '/home/vansh/ros2_ws/install/my_robot_controller' in the environment variable AMENT_PREFIX_PATH doesn't exist
[0.215s] DEBUG:colcon.colcon_installed_package_information.package_discovery:Found 15 installed packages in /home/vansh/turtlebot3_ws/install
[0.216s] DEBUG:colcon.colcon_installed_package_information.package_discovery:Found 0 installed packages in /home/vansh/ros2_ws/install
[0.217s] DEBUG:colcon.colcon_installed_package_information.package_discovery:Found 376 installed packages in /opt/ros/humble
[0.218s] Level 1:colcon.colcon_core.package_discovery:discover_packages(prefix_path) using defaults
[0.248s] Level 5:colcon.colcon_core.verb:set package 'my_robot_controller' build argument 'cmake_args' from command line to 'None'
[0.248s] Level 5:colcon.colcon_core.verb:set package 'my_robot_controller' build argument 'cmake_target' from command line to 'None'
[0.248s] Level 5:colcon.colcon_core.verb:set package 'my_robot_controller' build argument 'cmake_target_skip_unavailable' from command line to 'False'
[0.248s] Level 5:colcon.colcon_core.verb:set package 'my_robot_controller' build argument 'cmake_clean_cache' from command line to 'False'
[0.248s] Level 5:colcon.colcon_core.verb:set package 'my_robot_controller' build argument 'cmake_clean_first' from command line to 'False'
[0.248s] Level 5:colcon.colcon_core.verb:set package 'my_robot_controller' build argument 'cmake_force_configure' from command line to 'False'
[0.248s] Level 5:colcon.colcon_core.verb:set package 'my_robot_controller' build argument 'ament_cmake_args' from command line to 'None'
[0.248s] Level 5:colcon.colcon_core.verb:set package 'my_robot_controller' build argument 'catkin_cmake_args' from command line to 'None'
[0.248s] Level 5:colcon.colcon_core.verb:set package 'my_robot_controller' build argument 'catkin_skip_building_tests' from command line to 'False'
[0.248s] DEBUG:colcon.colcon_core.verb:Building package 'my_robot_controller' with the following arguments: {'ament_cmake_args': None, 'build_base': '/home/vansh/ros2_ws/build/my_robot_controller', 'catkin_cmake_args': None, 'catkin_skip_building_tests': False, 'cmake_args': None, 'cmake_clean_cache': False, 'cmake_clean_first': False, 'cmake_force_configure': False, 'cmake_target': None, 'cmake_target_skip_unavailable': False, 'install_base': '/home/vansh/ros2_ws/install/my_robot_controller', 'merge_install': False, 'path': '/home/vansh/ros2_ws/src/my_robot_controller', 'symlink_install': True, 'test_result_base': None}
[0.248s] Level 5:colcon.colcon_core.verb:set package 'pozyx_simulation_ros2' build argument 'cmake_args' from command line to 'None'
[0.248s] Level 5:colcon.colcon_core.verb:set package 'pozyx_simulation_ros2' build argument 'cmake_target' from command line to 'None'
[0.248s] Level 5:colcon.colcon_core.verb:set package 'pozyx_simulation_ros2' build argument 'cmake_target_skip_unavailable' from command line to 'False'
[0.248s] Level 5:colcon.colcon_core.verb:set package 'pozyx_simulation_ros2' build argument 'cmake_clean_cache' from command line to 'False'
[0.248s] Level 5:colcon.colcon_core.verb:set package 'pozyx_simulation_ros2' build argument 'cmake_clean_first' from command line to 'False'
[0.248s] Level 5:colcon.colcon_core.verb:set package 'pozyx_simulation_ros2' build argument 'cmake_force_configure' from command line to 'False'
[0.248s] Level 5:colcon.colcon_core.verb:set package 'pozyx_simulation_ros2' build argument 'ament_cmake_args' from command line to 'None'
[0.248s] Level 5:colcon.colcon_core.verb:set package 'pozyx_simulation_ros2' build argument 'catkin_cmake_args' from command line to 'None'
[0.248s] Level 5:colcon.colcon_core.verb:set package 'pozyx_simulation_ros2' build argument 'catkin_skip_building_tests' from command line to 'False'
[0.248s] DEBUG:colcon.colcon_core.verb:Building package 'pozyx_simulation_ros2' with the following arguments: {'ament_cmake_args': None, 'build_base': '/home/vansh/ros2_ws/build/pozyx_simulation_ros2', 'catkin_cmake_args': None, 'catkin_skip_building_tests': False, 'cmake_args': None, 'cmake_clean_cache': False, 'cmake_clean_first': False, 'cmake_force_configure': False, 'cmake_target': None, 'cmake_target_skip_unavailable': False, 'install_base': '/home/vansh/ros2_ws/install/pozyx_simulation_ros2', 'merge_install': False, 'path': '/home/vansh/ros2_ws/src/pozyx_simulation_ros2', 'symlink_install': True, 'test_result_base': None}
[0.249s] Level 5:colcon.colcon_core.verb:set package 'uwb_localization' build argument 'cmake_args' from command line to 'None'
[0.249s] Level 5:colcon.colcon_core.verb:set package 'uwb_localization' build argument 'cmake_target' from command line to 'None'
[0.249s] Level 5:colcon.colcon_core.verb:set package 'uwb_localization' build argument 'cmake_target_skip_unavailable' from command line to 'False'
[0.249s] Level 5:colcon.colcon_core.verb:set package 'uwb_localization' build argument 'cmake_clean_cache' from command line to 'False'
[0.249s] Level 5:colcon.colcon_core.verb:set package 'uwb_localization' build argument 'cmake_clean_first' from command line to 'False'
[0.249s] Level 5:colcon.colcon_core.verb:set package 'uwb_localization' build argument 'cmake_force_configure' from command line to 'False'
[0.249s] Level 5:colcon.colcon_core.verb:set package 'uwb_localization' build argument 'ament_cmake_args' from command line to 'None'
[0.249s] Level 5:colcon.colcon_core.verb:set package 'uwb_localization' build argument 'catkin_cmake_args' from command line to 'None'
[0.249s] Level 5:colcon.colcon_core.verb:set package 'uwb_localization' build argument 'catkin_skip_building_tests' from command line to 'False'
[0.249s] DEBUG:colcon.colcon_core.verb:Building package 'uwb_localization' with the following arguments: {'ament_cmake_args': None, 'build_base': '/home/vansh/ros2_ws/build/uwb_localization', 'catkin_cmake_args': None, 'catkin_skip_building_tests': False, 'cmake_args': None, 'cmake_clean_cache': False, 'cmake_clean_first': False, 'cmake_force_configure': False, 'cmake_target': None, 'cmake_target_skip_unavailable': False, 'install_base': '/home/vansh/ros2_ws/install/uwb_localization', 'merge_install': False, 'path': '/home/vansh/ros2_ws/src/uwb_localization', 'symlink_install': True, 'test_result_base': None}
[0.249s] INFO:colcon.colcon_core.executor:Executing jobs using 'parallel' executor
[0.250s] DEBUG:colcon.colcon_parallel_executor.executor.parallel:run_until_complete
[0.250s] INFO:colcon.colcon_ros.task.ament_python.build:Building ROS package in '/home/vansh/ros2_ws/src/my_robot_controller' with build type 'ament_python'
[0.250s] Level 1:colcon.colcon_core.shell:create_environment_hook('my_robot_controller', 'ament_prefix_path')
[0.251s] INFO:colcon.colcon_core.plugin_system:Skipping extension 'colcon_core.shell.bat': Not used on non-Windows systems
[0.252s] INFO:colcon.colcon_core.shell:Creating environment hook '/home/vansh/ros2_ws/install/my_robot_controller/share/my_robot_controller/hook/ament_prefix_path.ps1'
[0.252s] INFO:colcon.colcon_core.shell:Creating environment descriptor '/home/vansh/ros2_ws/install/my_robot_controller/share/my_robot_controller/hook/ament_prefix_path.dsv'
[0.253s] INFO:colcon.colcon_core.shell:Creating environment hook '/home/vansh/ros2_ws/install/my_robot_controller/share/my_robot_controller/hook/ament_prefix_path.sh'
[0.253s] INFO:colcon.colcon_core.shell:Skip shell extension 'powershell' for command environment: Not usable outside of PowerShell
[0.253s] DEBUG:colcon.colcon_core.shell:Skip shell extension 'dsv' for command environment
[0.256s] INFO:colcon.colcon_ros.task.ament_python.build:Building ROS package in '/home/vansh/ros2_ws/src/pozyx_simulation_ros2' with build type 'ament_python'
[0.256s] Level 1:colcon.colcon_core.shell:create_environment_hook('pozyx_simulation_ros2', 'ament_prefix_path')
[0.256s] INFO:colcon.colcon_core.shell:Creating environment hook '/home/vansh/ros2_ws/install/pozyx_simulation_ros2/share/pozyx_simulation_ros2/hook/ament_prefix_path.ps1'
[0.257s] INFO:colcon.colcon_core.shell:Creating environment descriptor '/home/vansh/ros2_ws/install/pozyx_simulation_ros2/share/pozyx_simulation_ros2/hook/ament_prefix_path.dsv'
[0.257s] INFO:colcon.colcon_core.shell:Creating environment hook '/home/vansh/ros2_ws/install/pozyx_simulation_ros2/share/pozyx_simulation_ros2/hook/ament_prefix_path.sh'
[0.257s] INFO:colcon.colcon_core.shell:Skip shell extension 'powershell' for command environment: Not usable outside of PowerShell
[0.257s] DEBUG:colcon.colcon_core.shell:Skip shell extension 'dsv' for command environment
[0.260s] INFO:colcon.colcon_ros.task.ament_python.build:Building ROS package in '/home/vansh/ros2_ws/src/uwb_localization' with build type 'ament_python'
[0.260s] Level 1:colcon.colcon_core.shell:create_environment_hook('uwb_localization', 'ament_prefix_path')
[0.261s] INFO:colcon.colcon_core.shell:Creating environment hook '/home/vansh/ros2_ws/install/uwb_localization/share/uwb_localization/hook/ament_prefix_path.ps1'
[0.261s] INFO:colcon.colcon_core.shell:Creating environment descriptor '/home/vansh/ros2_ws/install/uwb_localization/share/uwb_localization/hook/ament_prefix_path.dsv'
[0.261s] INFO:colcon.colcon_core.shell:Creating environment hook '/home/vansh/ros2_ws/install/uwb_localization/share/uwb_localization/hook/ament_prefix_path.sh'
[0.261s] INFO:colcon.colcon_core.shell:Skip shell extension 'powershell' for command environment: Not usable outside of PowerShell
[0.262s] DEBUG:colcon.colcon_core.shell:Skip shell extension 'dsv' for command environment
[0.454s] INFO:colcon.colcon_core.task.python.build:Building Python package in '/home/vansh/ros2_ws/src/my_robot_controller'
[0.454s] INFO:colcon.colcon_core.shell:Skip shell extension 'powershell' for command environment: Not usable outside of PowerShell
[0.454s] DEBUG:colcon.colcon_core.shell:Skip shell extension 'dsv' for command environment
[0.630s] INFO:colcon.colcon_core.task.python.build:Building Python package in '/home/vansh/ros2_ws/src/pozyx_simulation_ros2'
[0.631s] INFO:colcon.colcon_core.shell:Skip shell extension 'powershell' for command environment: Not usable outside of PowerShell
[0.631s] DEBUG:colcon.colcon_core.shell:Skip shell extension 'dsv' for command environment
[0.804s] INFO:colcon.colcon_core.task.python.build:Building Python package in '/home/vansh/ros2_ws/src/uwb_localization'
[0.804s] INFO:colcon.colcon_core.shell:Skip shell extension 'powershell' for command environment: Not usable outside of PowerShell
[0.804s] DEBUG:colcon.colcon_core.shell:Skip shell extension 'dsv' for command environment
[1.063s] DEBUG:colcon.colcon_core.event_handler.log_command:Invoking command in '/home/vansh/ros2_ws/build/my_robot_controller': PYTHONPATH=/home/vansh/ros2_ws/build/my_robot_controller/prefix_override:/usr/lib/python3/dist-packages/colcon_core/task/python/colcon_distutils_commands:/home/vansh/ros2_ws/install/my_robot_controller/lib/python3.10/site-packages:${PYTHONPATH} /usr/bin/python3 -W ignore:setup.py install is deprecated -W ignore:easy_install command is deprecated setup.py develop --editable --build-directory /home/vansh/ros2_ws/build/my_robot_controller/build --no-deps symlink_data
[1.067s] DEBUG:colcon.colcon_core.event_handler.log_command:Invoking command in '/home/vansh/ros2_ws/build/pozyx_simulation_ros2': PYTHONPATH=/home/vansh/ros2_ws/build/pozyx_simulation_ros2/prefix_override:/usr/lib/python3/dist-packages/colcon_core/task/python/colcon_distutils_commands:/home/vansh/ros2_ws/install/pozyx_simulation_ros2/lib/python3.10/site-packages:${PYTHONPATH} /usr/bin/python3 -W ignore:setup.py install is deprecated -W ignore:easy_install command is deprecated setup.py develop --editable --build-directory /home/vansh/ros2_ws/build/pozyx_simulation_ros2/build --no-deps symlink_data
[1.068s] DEBUG:colcon.colcon_core.event_handler.log_command:Invoking command in '/home/vansh/ros2_ws/build/uwb_localization': PYTHONPATH=/home/vansh/ros2_ws/build/uwb_localization/prefix_override:/usr/lib/python3/dist-packages/colcon_core/task/python/colcon_distutils_commands:/home/vansh/ros2_ws/install/uwb_localization/lib/python3.10/site-packages:${PYTHONPATH} /usr/bin/python3 -W ignore:setup.py install is deprecated -W ignore:easy_install command is deprecated setup.py develop --editable --build-directory /home/vansh/ros2_ws/build/uwb_localization/build --no-deps symlink_data
[1.372s] Level 1:colcon.colcon_core.shell:create_environment_hook('my_robot_controller', 'pythonpath_develop')
[1.372s] INFO:colcon.colcon_core.shell:Creating environment hook '/home/vansh/ros2_ws/build/my_robot_controller/share/my_robot_controller/hook/pythonpath_develop.ps1'
[1.373s] DEBUG:colcon.colcon_core.event_handler.log_command:Invoked command in '/home/vansh/ros2_ws/build/my_robot_controller' returned '0': PYTHONPATH=/home/vansh/ros2_ws/build/my_robot_controller/prefix_override:/usr/lib/python3/dist-packages/colcon_core/task/python/colcon_distutils_commands:/home/vansh/ros2_ws/install/my_robot_controller/lib/python3.10/site-packages:${PYTHONPATH} /usr/bin/python3 -W ignore:setup.py install is deprecated -W ignore:easy_install command is deprecated setup.py develop --editable --build-directory /home/vansh/ros2_ws/build/my_robot_controller/build --no-deps symlink_data
[1.373s] INFO:colcon.colcon_core.shell:Creating environment descriptor '/home/vansh/ros2_ws/build/my_robot_controller/share/my_robot_controller/hook/pythonpath_develop.dsv'
[1.373s] INFO:colcon.colcon_core.shell:Creating environment hook '/home/vansh/ros2_ws/build/my_robot_controller/share/my_robot_controller/hook/pythonpath_develop.sh'
[1.376s] Level 1:colcon.colcon_core.environment:checking '/home/vansh/ros2_ws/install/my_robot_controller' for CMake module files
[1.376s] Level 1:colcon.colcon_core.environment:checking '/home/vansh/ros2_ws/install/my_robot_controller' for CMake config files
[1.377s] Level 1:colcon.colcon_core.environment:checking '/home/vansh/ros2_ws/install/my_robot_controller/lib'
[1.377s] Level 1:colcon.colcon_core.environment:checking '/home/vansh/ros2_ws/install/my_robot_controller/bin'
[1.377s] Level 1:colcon.colcon_core.environment:checking '/home/vansh/ros2_ws/install/my_robot_controller/lib/pkgconfig/my_robot_controller.pc'
[1.377s] Level 1:colcon.colcon_core.environment:checking '/home/vansh/ros2_ws/install/my_robot_controller/lib/python3.10/site-packages'
[1.377s] Level 1:colcon.colcon_core.shell:create_environment_hook('my_robot_controller', 'pythonpath')
[1.377s] INFO:colcon.colcon_core.shell:Creating environment hook '/home/vansh/ros2_ws/install/my_robot_controller/share/my_robot_controller/hook/pythonpath.ps1'
[1.378s] INFO:colcon.colcon_core.shell:Creating environment descriptor '/home/vansh/ros2_ws/install/my_robot_controller/share/my_robot_controller/hook/pythonpath.dsv'
[1.378s] INFO:colcon.colcon_core.shell:Creating environment hook '/home/vansh/ros2_ws/install/my_robot_controller/share/my_robot_controller/hook/pythonpath.sh'
[1.378s] Level 1:colcon.colcon_core.environment:checking '/home/vansh/ros2_ws/install/my_robot_controller/bin'
[1.378s] Level 1:colcon.colcon_core.environment:create_environment_scripts_only(my_robot_controller)
[1.378s] INFO:colcon.colcon_core.shell:Creating package script '/home/vansh/ros2_ws/install/my_robot_controller/share/my_robot_controller/package.ps1'
[1.379s] INFO:colcon.colcon_core.shell:Creating package descriptor '/home/vansh/ros2_ws/install/my_robot_controller/share/my_robot_controller/package.dsv'
[1.379s] INFO:colcon.colcon_core.shell:Creating package script '/home/vansh/ros2_ws/install/my_robot_controller/share/my_robot_controller/package.sh'
[1.380s] INFO:colcon.colcon_core.shell:Creating package script '/home/vansh/ros2_ws/install/my_robot_controller/share/my_robot_controller/package.bash'
[1.380s] INFO:colcon.colcon_core.shell:Creating package script '/home/vansh/ros2_ws/install/my_robot_controller/share/my_robot_controller/package.zsh'
[1.381s] Level 1:colcon.colcon_core.environment:create_file_with_runtime_dependencies(/home/vansh/ros2_ws/install/my_robot_controller/share/colcon-core/packages/my_robot_controller)
[1.381s] Level 1:colcon.colcon_core.shell:create_environment_hook('uwb_localization', 'pythonpath_develop')
[1.382s] INFO:colcon.colcon_core.shell:Creating environment hook '/home/vansh/ros2_ws/build/uwb_localization/share/uwb_localization/hook/pythonpath_develop.ps1'
[1.382s] DEBUG:colcon.colcon_core.event_handler.log_command:Invoked command in '/home/vansh/ros2_ws/build/uwb_localization' returned '0': PYTHONPATH=/home/vansh/ros2_ws/build/uwb_localization/prefix_override:/usr/lib/python3/dist-packages/colcon_core/task/python/colcon_distutils_commands:/home/vansh/ros2_ws/install/uwb_localization/lib/python3.10/site-packages:${PYTHONPATH} /usr/bin/python3 -W ignore:setup.py install is deprecated -W ignore:easy_install command is deprecated setup.py develop --editable --build-directory /home/vansh/ros2_ws/build/uwb_localization/build --no-deps symlink_data
[1.383s] INFO:colcon.colcon_core.shell:Creating environment descriptor '/home/vansh/ros2_ws/build/uwb_localization/share/uwb_localization/hook/pythonpath_develop.dsv'
[1.383s] INFO:colcon.colcon_core.shell:Creating environment hook '/home/vansh/ros2_ws/build/uwb_localization/share/uwb_localization/hook/pythonpath_develop.sh'
[1.384s] Level 1:colcon.colcon_core.environment:checking '/home/vansh/ros2_ws/install/uwb_localization' for CMake module files
[1.384s] Level 1:colcon.colcon_core.environment:checking '/home/vansh/ros2_ws/install/uwb_localization' for CMake config files
[1.385s] Level 1:colcon.colcon_core.environment:checking '/home/vansh/ros2_ws/install/uwb_localization/lib'
[1.385s] Level 1:colcon.colcon_core.environment:checking '/home/vansh/ros2_ws/install/uwb_localization/bin'
[1.385s] Level 1:colcon.colcon_core.environment:checking '/home/vansh/ros2_ws/install/uwb_localization/lib/pkgconfig/uwb_localization.pc'
[1.385s] Level 1:colcon.colcon_core.environment:checking '/home/vansh/ros2_ws/install/uwb_localization/lib/python3.10/site-packages'
[1.385s] Level 1:colcon.colcon_core.shell:create_environment_hook('uwb_localization', 'pythonpath')
[1.385s] INFO:colcon.colcon_core.shell:Creating environment hook '/home/vansh/ros2_ws/install/uwb_localization/share/uwb_localization/hook/pythonpath.ps1'
[1.386s] INFO:colcon.colcon_core.shell:Creating environment descriptor '/home/vansh/ros2_ws/install/uwb_localization/share/uwb_localization/hook/pythonpath.dsv'
[1.386s] INFO:colcon.colcon_core.shell:Creating environment hook '/home/vansh/ros2_ws/install/uwb_localization/share/uwb_localization/hook/pythonpath.sh'
[1.387s] Level 1:colcon.colcon_core.environment:checking '/home/vansh/ros2_ws/install/uwb_localization/bin'
[1.387s] Level 1:colcon.colcon_core.environment:create_environment_scripts_only(uwb_localization)
[1.387s] INFO:colcon.colcon_core.shell:Creating package script '/home/vansh/ros2_ws/install/uwb_localization/share/uwb_localization/package.ps1'
[1.387s] INFO:colcon.colcon_core.shell:Creating package descriptor '/home/vansh/ros2_ws/install/uwb_localization/share/uwb_localization/package.dsv'
[1.388s] INFO:colcon.colcon_core.shell:Creating package script '/home/vansh/ros2_ws/install/uwb_localization/share/uwb_localization/package.sh'
[1.388s] INFO:colcon.colcon_core.shell:Creating package script '/home/vansh/ros2_ws/install/uwb_localization/share/uwb_localization/package.bash'
[1.388s] INFO:colcon.colcon_core.shell:Creating package script '/home/vansh/ros2_ws/install/uwb_localization/share/uwb_localization/package.zsh'
[1.388s] Level 1:colcon.colcon_core.environment:create_file_with_runtime_dependencies(/home/vansh/ros2_ws/install/uwb_localization/share/colcon-core/packages/uwb_localization)
[1.389s] Level 1:colcon.colcon_core.shell:create_environment_hook('pozyx_simulation_ros2', 'pythonpath_develop')
[1.389s] INFO:colcon.colcon_core.shell:Creating environment hook '/home/vansh/ros2_ws/build/pozyx_simulation_ros2/share/pozyx_simulation_ros2/hook/pythonpath_develop.ps1'
[1.390s] DEBUG:colcon.colcon_core.event_handler.log_command:Invoked command in '/home/vansh/ros2_ws/build/pozyx_simulation_ros2' returned '0': PYTHONPATH=/home/vansh/ros2_ws/build/pozyx_simulation_ros2/prefix_override:/usr/lib/python3/dist-packages/colcon_core/task/python/colcon_distutils_commands:/home/vansh/ros2_ws/install/pozyx_simulation_ros2/lib/python3.10/site-packages:${PYTHONPATH} /usr/bin/python3 -W ignore:setup.py install is deprecated -W ignore:easy_install command is deprecated setup.py develop --editable --build-directory /home/vansh/ros2_ws/build/pozyx_simulation_ros2/build --no-deps symlink_data
[1.390s] INFO:colcon.colcon_core.shell:Creating environment descriptor '/home/vansh/ros2_ws/build/pozyx_simulation_ros2/share/pozyx_simulation_ros2/hook/pythonpath_develop.dsv'
[1.390s] INFO:colcon.colcon_core.shell:Creating environment hook '/home/vansh/ros2_ws/build/pozyx_simulation_ros2/share/pozyx_simulation_ros2/hook/pythonpath_develop.sh'
[1.391s] Level 1:colcon.colcon_core.environment:checking '/home/vansh/ros2_ws/install/pozyx_simulation_ros2' for CMake module files
[1.391s] Level 1:colcon.colcon_core.environment:checking '/home/vansh/ros2_ws/install/pozyx_simulation_ros2' for CMake config files
[1.391s] Level 1:colcon.colcon_core.environment:checking '/home/vansh/ros2_ws/install/pozyx_simulation_ros2/lib'
[1.391s] Level 1:colcon.colcon_core.environment:checking '/home/vansh/ros2_ws/install/pozyx_simulation_ros2/bin'
[1.391s] Level 1:colcon.colcon_core.environment:checking '/home/vansh/ros2_ws/install/pozyx_simulation_ros2/lib/pkgconfig/pozyx_simulation_ros2.pc'
[1.392s] Level 1:colcon.colcon_core.environment:checking '/home/vansh/ros2_ws/install/pozyx_simulation_ros2/lib/python3.10/site-packages'
[1.392s] Level 1:colcon.colcon_core.shell:create_environment_hook('pozyx_simulation_ros2', 'pythonpath')
[1.392s] INFO:colcon.colcon_core.shell:Creating environment hook '/home/vansh/ros2_ws/install/pozyx_simulation_ros2/share/pozyx_simulation_ros2/hook/pythonpath.ps1'
[1.392s] INFO:colcon.colcon_core.shell:Creating environment descriptor '/home/vansh/ros2_ws/install/pozyx_simulation_ros2/share/pozyx_simulation_ros2/hook/pythonpath.dsv'
[1.392s] INFO:colcon.colcon_core.shell:Creating environment hook '/home/vansh/ros2_ws/install/pozyx_simulation_ros2/share/pozyx_simulation_ros2/hook/pythonpath.sh'
[1.393s] Level 1:colcon.colcon_core.environment:checking '/home/vansh/ros2_ws/install/pozyx_simulation_ros2/bin'
[1.393s] Level 1:colcon.colcon_core.environment:create_environment_scripts_only(pozyx_simulation_ros2)
[1.393s] INFO:colcon.colcon_core.shell:Creating package script '/home/vansh/ros2_ws/install/pozyx_simulation_ros2/share/pozyx_simulation_ros2/package.ps1'
[1.393s] INFO:colcon.colcon_core.shell:Creating package descriptor '/home/vansh/ros2_ws/install/pozyx_simulation_ros2/share/pozyx_simulation_ros2/package.dsv'
[1.394s] INFO:colcon.colcon_core.shell:Creating package script '/home/vansh/ros2_ws/install/pozyx_simulation_ros2/share/pozyx_simulation_ros2/package.sh'
[1.394s] INFO:colcon.colcon_core.shell:Creating package script '/home/vansh/ros2_ws/install/pozyx_simulation_ros2/share/pozyx_simulation_ros2/package.bash'
[1.394s] INFO:colcon.colcon_core.shell:Creating package script '/home/vansh/ros2_ws/install/pozyx_simulation_ros2/share/pozyx_simulation_ros2/package.zsh'
[1.394s] Level 1:colcon.colcon_core.environment:create_file_with_runtime_dependencies(/home/vansh/ros2_ws/install/pozyx_simulation_ros2/share/colcon-core/packages/pozyx_simulation_ros2)
[1.394s] DEBUG:colcon.colcon_parallel_executor.executor.parallel:closing loop
[1.394s] DEBUG:colcon.colcon_parallel_executor.executor.parallel:loop closed
[1.395s] DEBUG:colcon.colcon_parallel_executor.executor.parallel:run_until_complete finished with '0'
[1.395s] DEBUG:colcon.colcon_core.event_reactor:joining thread
[1.398s] INFO:colcon.colcon_core.plugin_system:Skipping extension 'colcon_notification.desktop_notification.terminal_notifier': Not used on non-Darwin systems
[1.398s] INFO:colcon.colcon_core.plugin_system:Skipping extension 'colcon_notification.desktop_notification.win32': Not used on non-Windows systems
[1.398s] INFO:colcon.colcon_notification.desktop_notification:Sending desktop notification using 'notify2'
[1.408s] DEBUG:colcon.colcon_core.event_reactor:joined thread
[1.408s] INFO:colcon.colcon_core.shell:Creating prefix script '/home/vansh/ros2_ws/install/local_setup.ps1'
[1.409s] INFO:colcon.colcon_core.shell:Creating prefix util module '/home/vansh/ros2_ws/install/_local_setup_util_ps1.py'
[1.410s] INFO:colcon.colcon_core.shell:Creating prefix chain script '/home/vansh/ros2_ws/install/setup.ps1'
[1.412s] INFO:colcon.colcon_core.shell:Creating prefix script '/home/vansh/ros2_ws/install/local_setup.sh'
[1.412s] INFO:colcon.colcon_core.shell:Creating prefix util module '/home/vansh/ros2_ws/install/_local_setup_util_sh.py'
[1.413s] INFO:colcon.colcon_core.shell:Creating prefix chain script '/home/vansh/ros2_ws/install/setup.sh'
[1.414s] INFO:colcon.colcon_core.shell:Creating prefix script '/home/vansh/ros2_ws/install/local_setup.bash'
[1.415s] INFO:colcon.colcon_core.shell:Creating prefix chain script '/home/vansh/ros2_ws/install/setup.bash'
[1.415s] INFO:colcon.colcon_core.shell:Creating prefix script '/home/vansh/ros2_ws/install/local_setup.zsh'
[1.416s] INFO:colcon.colcon_core.shell:Creating prefix chain script '/home/vansh/ros2_ws/install/setup.zsh'
