running develop
running egg_info
creating pozyx_simulation_ros2.egg-info
writing pozyx_simulation_ros2.egg-info/PKG-INFO
writing dependency_links to pozyx_simulation_ros2.egg-info/dependency_links.txt
writing entry points to pozyx_simulation_ros2.egg-info/entry_points.txt
writing requirements to pozyx_simulation_ros2.egg-info/requires.txt
writing top-level names to pozyx_simulation_ros2.egg-info/top_level.txt
writing manifest file 'pozyx_simulation_ros2.egg-info/SOURCES.txt'
reading manifest file 'pozyx_simulation_ros2.egg-info/SOURCES.txt'
writing manifest file 'pozyx_simulation_ros2.egg-info/SOURCES.txt'
running build_ext
Creating /home/vansh/ros2_ws/install/pozyx_simulation_ros2/lib/python3.10/site-packages/pozyx-simulation-ros2.egg-link (link to .)
Installing uwb_simulation script to /home/vansh/ros2_ws/install/pozyx_simulation_ros2/lib/pozyx_simulation_ros2

Installed /home/vansh/ros2_ws/build/pozyx_simulation_ros2
running symlink_data
creating /home/vansh/ros2_ws/install/pozyx_simulation_ros2/share/ament_index
creating /home/vansh/ros2_ws/install/pozyx_simulation_ros2/share/ament_index/resource_index
creating /home/vansh/ros2_ws/install/pozyx_simulation_ros2/share/ament_index/resource_index/packages
symbolically linking /home/vansh/ros2_ws/build/pozyx_simulation_ros2/resource/pozyx_simulation_ros2 -> /home/vansh/ros2_ws/install/pozyx_simulation_ros2/share/ament_index/resource_index/packages
symbolically linking /home/vansh/ros2_ws/build/pozyx_simulation_ros2/package.xml -> /home/vansh/ros2_ws/install/pozyx_simulation_ros2/share/pozyx_simulation_ros2
