[0.812s] Invoking command in '/home/vansh/ros2_ws/build/my_robot_controller': PYTHONPATH=/home/vansh/ros2_ws/build/my_robot_controller/prefix_override:/usr/lib/python3/dist-packages/colcon_core/task/python/colcon_distutils_commands:/home/vansh/ros2_ws/install/my_robot_controller/lib/python3.10/site-packages:${PYTHONPATH} /usr/bin/python3 -W ignore:setup.py install is deprecated -W ignore:easy_install command is deprecated setup.py develop --editable --build-directory /home/vansh/ros2_ws/build/my_robot_controller/build --no-deps symlink_data
[0.990s] running develop
[1.086s] running egg_info
[1.086s] creating my_robot_controller.egg-info
[1.086s] writing my_robot_controller.egg-info/PKG-INFO
[1.086s] writing dependency_links to my_robot_controller.egg-info/dependency_links.txt
[1.086s] writing entry points to my_robot_controller.egg-info/entry_points.txt
[1.086s] writing requirements to my_robot_controller.egg-info/requires.txt
[1.086s] writing top-level names to my_robot_controller.egg-info/top_level.txt
[1.086s] writing manifest file 'my_robot_controller.egg-info/SOURCES.txt'
[1.087s] reading manifest file 'my_robot_controller.egg-info/SOURCES.txt'
[1.088s] writing manifest file 'my_robot_controller.egg-info/SOURCES.txt'
[1.089s] running build_ext
[1.089s] Creating /home/vansh/ros2_ws/install/my_robot_controller/lib/python3.10/site-packages/my-robot-controller.egg-link (link to .)
[1.089s] Installing draw_circle script to /home/vansh/ros2_ws/install/my_robot_controller/lib/my_robot_controller
[1.089s] Installing pose_subscriber script to /home/vansh/ros2_ws/install/my_robot_controller/lib/my_robot_controller
[1.089s] Installing test_node script to /home/vansh/ros2_ws/install/my_robot_controller/lib/my_robot_controller
[1.090s] 
[1.090s] Installed /home/vansh/ros2_ws/build/my_robot_controller
[1.090s] running symlink_data
[1.090s] creating /home/vansh/ros2_ws/install/my_robot_controller/share/ament_index
[1.090s] creating /home/vansh/ros2_ws/install/my_robot_controller/share/ament_index/resource_index
[1.090s] creating /home/vansh/ros2_ws/install/my_robot_controller/share/ament_index/resource_index/packages
[1.090s] symbolically linking /home/vansh/ros2_ws/build/my_robot_controller/resource/my_robot_controller -> /home/vansh/ros2_ws/install/my_robot_controller/share/ament_index/resource_index/packages
[1.090s] symbolically linking /home/vansh/ros2_ws/build/my_robot_controller/package.xml -> /home/vansh/ros2_ws/install/my_robot_controller/share/my_robot_controller
[1.122s] Invoked command in '/home/vansh/ros2_ws/build/my_robot_controller' returned '0': PYTHONPATH=/home/vansh/ros2_ws/build/my_robot_controller/prefix_override:/usr/lib/python3/dist-packages/colcon_core/task/python/colcon_distutils_commands:/home/vansh/ros2_ws/install/my_robot_controller/lib/python3.10/site-packages:${PYTHONPATH} /usr/bin/python3 -W ignore:setup.py install is deprecated -W ignore:easy_install command is deprecated setup.py develop --editable --build-directory /home/vansh/ros2_ws/build/my_robot_controller/build --no-deps symlink_data
